TN:
SF:src/api/billing.ts
FN:14,cpt99454Met
FN:18,cpt99457Met
FN:22,cpt99458Count
FNF:3
FNH:3
FNDA:3,cpt99454Met
FNDA:10,cpt99457Met
FNDA:7,cpt99458Count
DA:15,3
DA:19,10
DA:23,7
DA:24,6
LF:4
LH:4
BRDA:23,0,0,1
BRDA:23,0,1,6
BRF:2
BRH:2
end_of_record
TN:
SF:src/api/screening.ts
FN:82,scorePHQ9
FN:83,(anonymous_1)
FN:93,scoreGAD7
FN:94,(anonymous_3)
FNF:4
FNH:4
FNDA:11,scorePHQ9
FNDA:99,(anonymous_1)
FNDA:9,scoreGAD7
FNDA:63,(anonymous_3)
DA:83,99
DA:85,11
DA:86,8
DA:87,6
DA:88,4
DA:89,2
DA:90,11
DA:94,63
DA:96,9
DA:97,6
DA:98,4
DA:99,2
DA:100,9
LF:13
LH:13
BRDA:83,0,0,99
BRDA:83,0,1,1
BRDA:85,1,0,3
BRDA:85,1,1,8
BRDA:86,2,0,2
BRDA:86,2,1,6
BRDA:87,3,0,2
BRDA:87,3,1,4
BRDA:88,4,0,2
BRDA:88,4,1,2
BRDA:94,5,0,63
BRDA:94,5,1,1
BRDA:96,6,0,3
BRDA:96,6,1,6
BRDA:97,7,0,2
BRDA:97,7,1,4
BRDA:98,8,0,2
BRDA:98,8,1,2
BRF:18
BRH:18
end_of_record
TN:
SF:src/api/tcm.ts
FN:10,addBusinessDays
FN:22,addCalendarDays
FNF:2
FNH:2
FNDA:5,addBusinessDays
FNDA:4,addCalendarDays
DA:11,5
DA:12,5
DA:13,5
DA:14,5
DA:15,11
DA:16,11
DA:17,11
DA:19,5
DA:23,4
DA:24,4
DA:25,4
DA:26,4
LF:12
LH:12
BRDA:17,0,0,6
BRDA:17,0,1,5
BRDA:17,1,0,11
BRDA:17,1,1,8
BRF:4
BRH:4
end_of_record
